<?xml version="1.0" encoding="UTF-8"?>
<!-- Generated by org.testng.reporters.JUnitXMLReporter -->
<testsuite ignored="1" hostname="DESKTOP-D940ASI" failures="0" tests="1" name="NegativeUsernameTests" time="9.298" errors="0" timestamp="2023-05-21T20:09:32 EDT">
  <testcase classname="com.practicetestautomation.tests.LoginTests" name="negativeLoginTest" time="8.377"/>
  <testcase classname="com.practicetestautomation.tests.LoginTests" name="logInTest" time="0.0">
    <ignored/>
  </testcase> <!-- logInTest -->
</testsuite> <!-- NegativeUsernameTests -->
