<?xml version="1.0" encoding="UTF-8"?>
<!-- Generated by org.testng.reporters.JUnitXMLReporter -->
<testsuite ignored="1" hostname="DESKTOP-D940ASI" failures="0" tests="1" name="NegativeUsernameTests" time="2.392" errors="0" timestamp="2023-03-16T23:12:09 EDT">
  <testcase classname="com.practicetestautomation.tests.LoginTests" name="negativeLoginTest" time="1.49"/>
  <testcase classname="com.practicetestautomation.tests.LoginTests" name="logInTest" time="0.0">
    <ignored/>
  </testcase> <!-- logInTest -->
</testsuite> <!-- NegativeUsernameTests -->
