<?xml version="1.0" encoding="UTF-8"?>
<!-- Generated by org.testng.reporters.JUnitXMLReporter -->
<testsuite ignored="1" hostname="DESKTOP-D940ASI" failures="0" tests="1" name="NegativePasswordTests" time="4.353" errors="0" timestamp="2023-04-09T19:55:53 EDT">
  <testcase classname="com.practicetestautomation.tests.LoginTests" name="negativeLoginTest" time="1.328"/>
  <testcase classname="com.practicetestautomation.tests.LoginTests" name="logInTest" time="0.0">
    <ignored/>
  </testcase> <!-- logInTest -->
</testsuite> <!-- NegativePasswordTests -->
