<?xml version="1.0" encoding="UTF-8"?>
<!-- Generated by org.testng.reporters.JUnitXMLReporter -->
<testsuite ignored="1" hostname="DESKTOP-D940ASI" failures="0" tests="1" name="PositiveTests-Chrome" time="23.306" errors="0" timestamp="2023-05-21T20:09:23 EDT">
  <testcase classname="com.practicetestautomation.tests.LoginTests" name="logInTest" time="18.483"/>
  <testcase classname="com.practicetestautomation.tests.LoginTests" name="negativeLoginTest" time="0.0">
    <ignored/>
  </testcase> <!-- negativeLoginTest -->
</testsuite> <!-- PositiveTests-Chrome -->
