<?xml version="1.0" encoding="UTF-8"?>
<!-- Generated by org.testng.reporters.JUnitXMLReporter -->
<testsuite ignored="1" hostname="DESKTOP-D940ASI" failures="0" tests="1" name="PositiveTests-Chrome" time="4.486" errors="0" timestamp="2023-04-09T19:55:46 EDT">
  <testcase classname="com.practicetestautomation.tests.LoginTests" name="logInTest" time="2.148"/>
  <testcase classname="com.practicetestautomation.tests.LoginTests" name="negativeLoginTest" time="0.0">
    <ignored/>
  </testcase> <!-- negativeLoginTest -->
</testsuite> <!-- PositiveTests-Chrome -->
