<?xml version="1.0" encoding="UTF-8"?>
<testng-results ignored="3" total="6" passed="3" failed="0" skipped="0">
  <reporter-output>
  </reporter-output>
  <suite started-at="2023-05-21T20:09:00 EDT" name="LoginTestsSuite" finished-at="2023-05-21T20:09:50 EDT" duration-ms="50354">
    <groups>
    </groups>
    <test started-at="2023-05-21T20:09:00 EDT" name="PositiveTests-Chrome" finished-at="2023-05-21T20:09:23 EDT" duration-ms="23306">
      <class name="com.practicetestautomation.tests.LoginTests">
        <test-method is-config="true" signature="setUp(java.lang.reflect.Method, java.lang.String, java.lang.String, org.testng.ITestContext)[pri:0, instance:com.practicetestautomation.tests.LoginTests@2e55dd0c]" started-at="2023-05-21T20:09:00 EDT" name="setUp" finished-at="2023-05-21T20:09:04 EDT" duration-ms="4655" status="PASS">
          <params>
            <param index="0">
              <value>
                <![CDATA[public void com.practicetestautomation.tests.LoginTests.logInTest()]]>
              </value>
            </param>
            <param index="1">
              <value>
                <![CDATA[chrome]]>
              </value>
            </param>
            <param index="2">
              <value>
                <![CDATA[local]]>
              </value>
            </param>
            <param index="3">
              <value>
                <![CDATA[org.testng.TestRunner@79afa369]]>
              </value>
            </param>
          </params>
          <reporter-output>
          </reporter-output>
        </test-method> <!-- setUp -->
        <test-method signature="logInTest()[pri:1, instance:com.practicetestautomation.tests.LoginTests@2e55dd0c]" started-at="2023-05-21T20:09:04 EDT" name="logInTest" finished-at="2023-05-21T20:09:23 EDT" duration-ms="18483" status="PASS">
          <reporter-output>
          </reporter-output>
        </test-method> <!-- logInTest -->
        <test-method is-config="true" signature="tearDown()[pri:0, instance:com.practicetestautomation.tests.LoginTests@2e55dd0c]" started-at="2023-05-21T20:09:23 EDT" name="tearDown" finished-at="2023-05-21T20:09:23 EDT" duration-ms="125" status="PASS">
          <reporter-output>
          </reporter-output>
        </test-method> <!-- tearDown -->
      </class> <!-- com.practicetestautomation.tests.LoginTests -->
    </test> <!-- PositiveTests-Chrome -->
    <test started-at="2023-05-21T20:09:23 EDT" name="NegativeUsernameTests" finished-at="2023-05-21T20:09:32 EDT" duration-ms="9298">
      <class name="com.practicetestautomation.tests.LoginTests">
        <test-method is-config="true" signature="setUp(java.lang.reflect.Method, java.lang.String, java.lang.String, org.testng.ITestContext)[pri:0, instance:com.practicetestautomation.tests.LoginTests@1cbb87f3]" started-at="2023-05-21T20:09:23 EDT" name="setUp" finished-at="2023-05-21T20:09:24 EDT" duration-ms="819" status="PASS">
          <params>
            <param index="0">
              <value>
                <![CDATA[public void com.practicetestautomation.tests.LoginTests.negativeLoginTest(java.lang.String,java.lang.String,java.lang.String)]]>
              </value>
            </param>
            <param index="1">
              <value>
                <![CDATA[chrome]]>
              </value>
            </param>
            <param index="2">
              <value>
                <![CDATA[local]]>
              </value>
            </param>
            <param index="3">
              <value>
                <![CDATA[org.testng.TestRunner@3b9ac754]]>
              </value>
            </param>
          </params>
          <reporter-output>
          </reporter-output>
        </test-method> <!-- setUp -->
        <test-method signature="negativeLoginTest(java.lang.String, java.lang.String, java.lang.String)[pri:2, instance:com.practicetestautomation.tests.LoginTests@1cbb87f3]" started-at="2023-05-21T20:09:24 EDT" name="negativeLoginTest" finished-at="2023-05-21T20:09:32 EDT" duration-ms="8377" status="PASS">
          <params>
            <param index="0">
              <value>
                <![CDATA[incorrectUsername]]>
              </value>
            </param>
            <param index="1">
              <value>
                <![CDATA[Password123]]>
              </value>
            </param>
            <param index="2">
              <value>
                <![CDATA[Your username is invalid!]]>
              </value>
            </param>
          </params>
          <reporter-output>
          </reporter-output>
        </test-method> <!-- negativeLoginTest -->
        <test-method is-config="true" signature="tearDown()[pri:0, instance:com.practicetestautomation.tests.LoginTests@1cbb87f3]" started-at="2023-05-21T20:09:32 EDT" name="tearDown" finished-at="2023-05-21T20:09:32 EDT" duration-ms="102" status="PASS">
          <reporter-output>
          </reporter-output>
        </test-method> <!-- tearDown -->
      </class> <!-- com.practicetestautomation.tests.LoginTests -->
    </test> <!-- NegativeUsernameTests -->
    <test started-at="2023-05-21T20:09:32 EDT" name="NegativePasswordTests" finished-at="2023-05-21T20:09:50 EDT" duration-ms="17732">
      <class name="com.practicetestautomation.tests.LoginTests">
        <test-method is-config="true" signature="setUp(java.lang.reflect.Method, java.lang.String, java.lang.String, org.testng.ITestContext)[pri:0, instance:com.practicetestautomation.tests.LoginTests@49912c99]" started-at="2023-05-21T20:09:32 EDT" name="setUp" finished-at="2023-05-21T20:09:36 EDT" duration-ms="3854" status="PASS">
          <params>
            <param index="0">
              <value>
                <![CDATA[public void com.practicetestautomation.tests.LoginTests.negativeLoginTest(java.lang.String,java.lang.String,java.lang.String)]]>
              </value>
            </param>
            <param index="1">
              <value>
                <![CDATA[firefox]]>
              </value>
            </param>
            <param index="2">
              <value>
                <![CDATA[local]]>
              </value>
            </param>
            <param index="3">
              <value>
                <![CDATA[org.testng.TestRunner@5e002356]]>
              </value>
            </param>
          </params>
          <reporter-output>
          </reporter-output>
        </test-method> <!-- setUp -->
        <test-method signature="negativeLoginTest(java.lang.String, java.lang.String, java.lang.String)[pri:2, instance:com.practicetestautomation.tests.LoginTests@49912c99]" started-at="2023-05-21T20:09:36 EDT" name="negativeLoginTest" finished-at="2023-05-21T20:09:50 EDT" duration-ms="13362" status="PASS">
          <params>
            <param index="0">
              <value>
                <![CDATA[student]]>
              </value>
            </param>
            <param index="1">
              <value>
                <![CDATA[incorrectPassword!]]>
              </value>
            </param>
            <param index="2">
              <value>
                <![CDATA[Your password is invalid!]]>
              </value>
            </param>
          </params>
          <reporter-output>
          </reporter-output>
        </test-method> <!-- negativeLoginTest -->
        <test-method is-config="true" signature="tearDown()[pri:0, instance:com.practicetestautomation.tests.LoginTests@49912c99]" started-at="2023-05-21T20:09:50 EDT" name="tearDown" finished-at="2023-05-21T20:09:50 EDT" duration-ms="516" status="PASS">
          <reporter-output>
          </reporter-output>
        </test-method> <!-- tearDown -->
      </class> <!-- com.practicetestautomation.tests.LoginTests -->
    </test> <!-- NegativePasswordTests -->
  </suite> <!-- LoginTestsSuite -->
</testng-results>
