<?xml version="1.0" encoding="UTF-8"?>
<testng-results ignored="2" total="4" passed="2" failed="0" skipped="0">
  <reporter-output>
  </reporter-output>
  <suite started-at="2023-05-14T22:41:10 EDT" name="LoginTestsSuite" finished-at="2023-05-14T22:41:22 EDT" duration-ms="12193">
    <groups>
    </groups>
    <test started-at="2023-05-14T22:41:10 EDT" name="PositiveTests-Chrome" finished-at="2023-05-14T22:41:15 EDT" duration-ms="5619">
      <class name="com.practicetestautomation.tests.LoginTests">
        <test-method is-config="true" signature="setUp(java.lang.reflect.Method, java.lang.String, java.lang.String, org.testng.ITestContext)[pri:0, instance:com.practicetestautomation.tests.LoginTests@55b53d44]" started-at="2023-05-14T22:41:10 EDT" name="setUp" finished-at="2023-05-14T22:41:12 EDT" duration-ms="2391" status="PASS">
          <params>
            <param index="0">
              <value>
                <![CDATA[public void com.practicetestautomation.tests.LoginTests.logInTest()]]>
              </value>
            </param>
            <param index="1">
              <value>
                <![CDATA[chrome]]>
              </value>
            </param>
            <param index="2">
              <value>
                <![CDATA[grid]]>
              </value>
            </param>
            <param index="3">
              <value>
                <![CDATA[org.testng.TestRunner@5de6cf3a]]>
              </value>
            </param>
          </params>
          <reporter-output>
          </reporter-output>
        </test-method> <!-- setUp -->
        <test-method signature="logInTest()[pri:1, instance:com.practicetestautomation.tests.LoginTests@55b53d44]" started-at="2023-05-14T22:41:12 EDT" name="logInTest" finished-at="2023-05-14T22:41:15 EDT" duration-ms="3112" status="PASS">
          <reporter-output>
          </reporter-output>
        </test-method> <!-- logInTest -->
        <test-method is-config="true" signature="tearDown()[pri:0, instance:com.practicetestautomation.tests.LoginTests@55b53d44]" started-at="2023-05-14T22:41:15 EDT" name="tearDown" finished-at="2023-05-14T22:41:15 EDT" duration-ms="94" status="PASS">
          <reporter-output>
          </reporter-output>
        </test-method> <!-- tearDown -->
      </class> <!-- com.practicetestautomation.tests.LoginTests -->
    </test> <!-- PositiveTests-Chrome -->
    <test started-at="2023-05-14T22:41:15 EDT" name="NegativePasswordTests" finished-at="2023-05-14T22:41:22 EDT" duration-ms="6563">
      <class name="com.practicetestautomation.tests.LoginTests">
        <test-method is-config="true" signature="setUp(java.lang.reflect.Method, java.lang.String, java.lang.String, org.testng.ITestContext)[pri:0, instance:com.practicetestautomation.tests.LoginTests@3738449f]" started-at="2023-05-14T22:41:15 EDT" name="setUp" finished-at="2023-05-14T22:41:18 EDT" duration-ms="3018" status="PASS">
          <params>
            <param index="0">
              <value>
                <![CDATA[public void com.practicetestautomation.tests.LoginTests.negativeLoginTest(java.lang.String,java.lang.String,java.lang.String)]]>
              </value>
            </param>
            <param index="1">
              <value>
                <![CDATA[firefox]]>
              </value>
            </param>
            <param index="2">
              <value>
                <![CDATA[grid]]>
              </value>
            </param>
            <param index="3">
              <value>
                <![CDATA[org.testng.TestRunner@4cc36c19]]>
              </value>
            </param>
          </params>
          <reporter-output>
          </reporter-output>
        </test-method> <!-- setUp -->
        <test-method signature="negativeLoginTest(java.lang.String, java.lang.String, java.lang.String)[pri:2, instance:com.practicetestautomation.tests.LoginTests@3738449f]" started-at="2023-05-14T22:41:18 EDT" name="negativeLoginTest" finished-at="2023-05-14T22:41:21 EDT" duration-ms="2481" status="PASS">
          <params>
            <param index="0">
              <value>
                <![CDATA[student]]>
              </value>
            </param>
            <param index="1">
              <value>
                <![CDATA[incorrectPassword!]]>
              </value>
            </param>
            <param index="2">
              <value>
                <![CDATA[Your password is invalid!]]>
              </value>
            </param>
          </params>
          <reporter-output>
          </reporter-output>
        </test-method> <!-- negativeLoginTest -->
        <test-method is-config="true" signature="tearDown()[pri:0, instance:com.practicetestautomation.tests.LoginTests@3738449f]" started-at="2023-05-14T22:41:21 EDT" name="tearDown" finished-at="2023-05-14T22:41:22 EDT" duration-ms="1051" status="PASS">
          <reporter-output>
          </reporter-output>
        </test-method> <!-- tearDown -->
      </class> <!-- com.practicetestautomation.tests.LoginTests -->
    </test> <!-- NegativePasswordTests -->
  </suite> <!-- LoginTestsSuite -->
</testng-results>
