<?xml version="1.0" encoding="UTF-8"?>
<testsuite xmlns:xsi="http://www.w3.org/2001/XMLSchema-instance" xsi:noNamespaceSchemaLocation="https://maven.apache.org/surefire/maven-surefire-plugin/xsd/surefire-test-report-3.0.xsd" version="3.0" name="TestSuite" time="16.691" tests="2" errors="0" skipped="0" failures="0">
  <properties>
[...]
</properties>
  <testcase name="logInTest" classname="com.practicetestautomation.tests.LoginTests" time="4.592">
    <system-out><![CDATA[[main] 22:22:35,787 INFO  [LoginTestsSuite] Connecting to the node with: chrome
[main] 22:22:41,126 INFO  [LoginTestsSuite] Executing LogIn with username [student] and password [Password123]
]]></system-out>
    <system-err><![CDATA[May 20, 2023 10:22:35 PM org.openqa.selenium.remote.tracing.opentelemetry.OpenTelemetryTracer createTracer
INFO: Using OpenTelemetry for tracing
May 20, 2023 10:22:38 PM org.openqa.selenium.remote.ProtocolHandshake createSession
INFO: Detected dialect: W3C
]]></system-err>
  </testcase>
  <testcase name="negativeLoginTest[student, incorrectPassword!, Your password is invalid!](1)" classname="com.practicetestautomation.tests.LoginTests" time="2.973">
    <system-out><![CDATA[[main] 22:22:43,464 INFO  [LoginTestsSuite] Close driver
[main] 22:22:43,609 INFO  [LoginTestsSuite] Connecting to the node with: firefox
[main] 22:22:49,450 INFO  [LoginTestsSuite] Executing LogIn with username [student] and password [incorrectPassword!]
]]></system-out>
  </testcase>
</testsuite>